2019-09-26 09:37:06,944  INFO [main] LogReports:22 - Chrome browser invoked...
2019-09-26 09:37:10,116  INFO [main] LogReports:22 - Application opened...
2019-09-26 11:16:58,733  INFO [main] LogReports:22 - Chrome browser invoked...
2019-09-26 11:17:00,501  INFO [main] LogReports:22 - Application opened...
2019-09-26 11:18:15,400  INFO [main] LogReports:22 - Chrome browser invoked...
2019-09-26 11:18:23,277  INFO [main] LogReports:22 - Application opened...
2019-09-26 11:29:31,357  INFO [main] LogReports:22 - Chrome browser invoked...
2019-09-26 11:29:38,425  INFO [main] LogReports:22 - Application opened...
2019-09-26 11:35:05,305  INFO [main] LogReports:22 - Chrome browser invoked...
2019-09-26 11:35:12,190  INFO [main] LogReports:22 - Application opened...
2019-09-26 11:54:59,209  INFO [main] LogReports:22 - Chrome browser invoked...
2019-09-26 11:55:06,323  INFO [main] LogReports:22 - Application opened...
2019-09-26 11:56:37,933  INFO [main] LogReports:22 - Chrome browser invoked...
2019-09-26 11:56:44,802  INFO [main] LogReports:22 - Application opened...
2019-09-26 11:59:07,897  INFO [main] LogReports:22 - Chrome browser invoked...
2019-09-26 11:59:14,677  INFO [main] LogReports:22 - Application opened...
2019-09-26 12:05:01,530  INFO [main] LogReports:22 - Chrome browser invoked...
2019-09-26 12:05:01,624  INFO [main] LogReports:22 - Application opened...
2019-09-26 12:08:55,078  INFO [main] LogReports:22 - Chrome browser invoked...
2019-09-26 12:08:55,181  INFO [main] LogReports:22 - Application opened...
2019-09-26 12:09:52,876  INFO [main] LogReports:22 - Chrome browser invoked...
2019-09-26 12:09:52,999  INFO [main] LogReports:22 - Application opened...
2019-09-26 12:10:30,914  INFO [main] LogReports:22 - Chrome browser invoked...
2019-09-26 12:10:31,001  INFO [main] LogReports:22 - Application opened...
2019-09-26 12:12:49,166  INFO [main] LogReports:22 - Chrome browser invoked...
2019-09-26 12:12:49,306  INFO [main] LogReports:22 - Application opened...
2019-09-26 12:15:59,660  INFO [main] LogReports:22 - Chrome browser invoked...
2019-09-26 12:15:59,754  INFO [main] LogReports:22 - Application opened...
2019-09-26 12:17:49,171  INFO [main] LogReports:22 - Chrome browser invoked...
2019-09-26 12:17:49,267  INFO [main] LogReports:22 - Application opened...
2019-09-26 12:19:07,150  INFO [main] LogReports:22 - Chrome browser invoked...
2019-09-26 12:19:07,237  INFO [main] LogReports:22 - Application opened...
2019-09-26 12:20:07,111  INFO [main] LogReports:22 - Chrome browser invoked...
2019-09-26 12:20:07,197  INFO [main] LogReports:22 - Application opened...
2019-09-26 12:21:26,618  INFO [main] LogReports:22 - Chrome browser invoked...
2019-09-26 12:21:35,656  INFO [main] LogReports:22 - Application opened...
2019-09-26 12:25:46,097  INFO [main] LogReports:22 - Chrome browser invoked...
2019-09-26 12:25:53,010  INFO [main] LogReports:22 - Application opened...
2019-09-26 12:27:41,350  INFO [main] LogReports:22 - Chrome browser invoked...
2019-09-26 12:27:48,445  INFO [main] LogReports:22 - Application opened...
2019-09-26 12:37:38,487  INFO [main] LogReports:22 - Chrome browser invoked...
2019-09-26 12:37:45,251  INFO [main] LogReports:22 - Application opened...
2019-09-26 12:50:26,048  INFO [main] LogReports:22 - Chrome browser invoked...
2019-09-26 12:50:32,715  INFO [main] LogReports:22 - Application opened...
2019-09-26 12:54:41,750  INFO [main] LogReports:22 - Chrome browser invoked...
2019-09-26 12:54:48,788  INFO [main] LogReports:22 - Application opened...
2019-09-26 12:56:28,845  INFO [main] LogReports:22 - Chrome browser invoked...
2019-09-26 12:56:35,607  INFO [main] LogReports:22 - Application opened...
2019-09-26 12:57:50,933  INFO [main] LogReports:22 - Chrome browser invoked...
2019-09-26 12:57:57,954  INFO [main] LogReports:22 - Application opened...
2019-09-26 12:59:16,318  INFO [main] LogReports:22 - Chrome browser invoked...
2019-09-26 12:59:23,736  INFO [main] LogReports:22 - Application opened...
2019-09-26 13:04:01,610  INFO [main] LogReports:22 - Chrome browser invoked...
2019-09-26 13:04:08,506  INFO [main] LogReports:22 - Application opened...
2019-09-26 13:05:37,927  INFO [main] LogReports:22 - Chrome browser invoked...
2019-09-26 13:05:45,322  INFO [main] LogReports:22 - Application opened...
2019-09-26 13:07:10,215  INFO [main] LogReports:22 - Chrome browser invoked...
2019-09-26 13:07:17,279  INFO [main] LogReports:22 - Application opened...
2019-09-26 13:12:18,094  INFO [main] LogReports:22 - Chrome browser invoked...
2019-09-26 13:12:25,461  INFO [main] LogReports:22 - Application opened...
2019-09-26 13:15:36,130  INFO [main] LogReports:22 - Chrome browser invoked...
2019-09-26 13:15:43,176  INFO [main] LogReports:22 - Application opened...
2019-09-26 13:16:44,883  INFO [main] LogReports:22 - Chrome browser invoked...
2019-09-26 13:16:52,026  INFO [main] LogReports:22 - Application opened...
2019-09-26 13:18:30,313  INFO [main] LogReports:22 - Chrome browser invoked...
2019-09-26 13:18:37,590  INFO [main] LogReports:22 - Application opened...
2019-09-26 13:25:31,570  INFO [main] LogReports:22 - Chrome browser invoked...
2019-09-26 13:25:38,772  INFO [main] LogReports:22 - Application opened...
2019-09-26 13:28:14,778  INFO [main] LogReports:22 - Chrome browser invoked...
2019-09-26 13:28:22,334  INFO [main] LogReports:22 - Application opened...
2019-09-26 13:34:28,481  INFO [main] LogReports:22 - Chrome browser invoked...
2019-09-26 13:34:35,385  INFO [main] LogReports:22 - Application opened...
2019-09-26 13:40:06,516  INFO [main] LogReports:22 - Chrome browser invoked...
2019-09-26 13:40:14,962  INFO [main] LogReports:22 - Application opened...
2019-09-26 13:45:43,158  INFO [main] LogReports:22 - Chrome browser invoked...
2019-09-26 13:45:52,187  INFO [main] LogReports:22 - Application opened...
2019-09-26 13:51:03,557  INFO [main] LogReports:22 - Chrome browser invoked...
2019-09-26 13:51:12,329  INFO [main] LogReports:22 - Application opened...
2019-09-26 13:57:51,638  INFO [main] LogReports:22 - Chrome browser invoked...
2019-09-26 13:58:00,657  INFO [main] LogReports:22 - Application opened...
2019-09-26 14:03:25,569  INFO [main] LogReports:22 - Chrome browser invoked...
2019-09-26 14:03:33,998  INFO [main] LogReports:22 - Application opened...
2019-09-26 14:09:30,223  INFO [main] LogReports:22 - Chrome browser invoked...
2019-09-26 14:09:35,947  INFO [main] LogReports:22 - Application opened...
2019-09-26 14:10:28,873  INFO [main] LogReports:22 - Chrome browser invoked...
2019-09-26 14:10:34,453  INFO [main] LogReports:22 - Application opened...
2019-09-26 14:13:27,038  INFO [main] LogReports:22 - Chrome browser invoked...
2019-09-26 14:13:32,987  INFO [main] LogReports:22 - Application opened...
2019-09-26 14:17:30,007  INFO [main] LogReports:22 - Chrome browser invoked...
2019-09-26 14:17:35,968  INFO [main] LogReports:22 - Application opened...
2019-09-26 14:37:15,597  INFO [main] LogReports:22 - Chrome browser invoked...
2019-09-26 14:37:23,783  INFO [main] LogReports:22 - Application opened...
2019-09-26 14:38:04,963  INFO [main] LogReports:22 - Chrome browser invoked...
2019-09-26 14:38:13,594  INFO [main] LogReports:22 - Application opened...
2019-09-26 14:43:34,703  INFO [main] LogReports:22 - Chrome browser invoked...
2019-09-26 14:43:44,046  INFO [main] LogReports:22 - Application opened...
2019-09-26 14:44:51,168  INFO [main] LogReports:22 - Chrome browser invoked...
2019-09-26 14:45:00,769  INFO [main] LogReports:22 - Application opened...
2019-09-26 14:46:38,966  INFO [main] LogReports:22 - Chrome browser invoked...
2019-09-26 14:46:48,603  INFO [main] LogReports:22 - Application opened...
2019-09-26 14:55:02,495  INFO [main] LogReports:22 - Chrome browser invoked...
2019-09-26 14:55:12,111  INFO [main] LogReports:22 - Application opened...
2019-09-26 15:06:14,065  INFO [main] LogReports:22 - Chrome browser invoked...
2019-09-26 15:06:23,032  INFO [main] LogReports:22 - Application opened...
2019-09-26 15:14:12,984  INFO [main] LogReports:22 - Chrome browser invoked...
2019-09-26 15:14:21,793  INFO [main] LogReports:22 - Application opened...
2019-09-26 15:38:06,323  INFO [main] LogReports:22 - Chrome browser invoked...
2019-09-26 15:38:15,261  INFO [main] LogReports:22 - Application opened...
2019-09-26 16:08:21,367  INFO [main] LogReports:22 - Chrome browser invoked...
2019-09-26 16:08:31,087  INFO [main] LogReports:22 - Application opened...
2019-09-26 16:08:38,344  INFO [main] LogReports:22 - Clicked on Insights
2019-09-26 16:11:35,022  INFO [main] LogReports:22 - Chrome browser invoked...
2019-09-26 16:11:44,786  INFO [main] LogReports:22 - Application opened...
2019-09-26 16:11:52,074  INFO [main] LogReports:22 - Clicked on Insights
2019-09-26 16:11:56,939  INFO [main] LogReports:22 - Clicked on Blogs
2019-09-26 16:19:08,340  INFO [main] LogReports:22 - Chrome browser invoked...
2019-09-26 16:19:18,360  INFO [main] LogReports:22 - Application opened...
2019-09-26 16:19:25,670  INFO [main] LogReports:22 - Clicked on Insights
2019-09-26 16:19:31,070  INFO [main] LogReports:22 - Clicked on Blogs
2019-09-26 16:19:40,965  INFO [main] LogReports:22 - Clicked onto the selected blog
2019-09-26 16:25:57,569  INFO [main] LogReports:22 - Chrome browser invoked...
2019-09-26 16:26:06,871  INFO [main] LogReports:22 - Application opened...
2019-09-26 16:26:14,164  INFO [main] LogReports:22 - Clicked on Insights
2019-09-26 16:26:19,014  INFO [main] LogReports:22 - Clicked on Blogs
2019-09-26 16:26:28,162  INFO [main] LogReports:22 - Clicked onto the selected blog
2019-09-26 16:33:16,201  INFO [main] LogReports:22 - Chrome browser invoked...
2019-09-26 16:33:25,838  INFO [main] LogReports:22 - Application opened...
2019-09-26 16:33:33,147  INFO [main] LogReports:22 - Clicked on Insights
2019-09-26 16:33:38,332  INFO [main] LogReports:22 - Clicked on Blogs
2019-09-26 16:33:48,412  INFO [main] LogReports:22 - Clicked onto the selected blog
2019-09-26 16:37:37,426  INFO [main] LogReports:22 - Chrome browser invoked...
2019-09-26 16:37:46,746  INFO [main] LogReports:22 - Application opened...
2019-09-26 16:37:54,026  INFO [main] LogReports:22 - Clicked on Insights
2019-09-26 16:37:59,032  INFO [main] LogReports:22 - Clicked on Blogs
2019-09-26 16:38:09,467  INFO [main] LogReports:22 - Clicked onto the selected blog
2019-09-26 16:39:12,450  INFO [main] LogReports:22 - Chrome browser invoked...
2019-09-26 16:39:21,753  INFO [main] LogReports:22 - Application opened...
2019-09-26 16:39:29,049  INFO [main] LogReports:22 - Clicked on Insights
2019-09-26 16:39:34,950  INFO [main] LogReports:22 - Clicked on Blogs
2019-09-26 16:39:45,045  INFO [main] LogReports:22 - Clicked onto the selected blog
2019-09-26 16:41:51,085  INFO [main] LogReports:22 - Chrome browser invoked...
2019-09-26 16:42:04,273  INFO [main] LogReports:22 - Application opened...
2019-09-26 16:42:11,602  INFO [main] LogReports:22 - Clicked on Insights
2019-09-26 16:42:16,587  INFO [main] LogReports:22 - Clicked on Blogs
2019-09-26 16:42:26,253  INFO [main] LogReports:22 - Clicked onto the selected blog
2019-09-26 16:48:17,419  INFO [main] LogReports:22 - Chrome browser invoked...
2019-09-26 16:48:28,894  INFO [main] LogReports:22 - Application opened...
2019-09-26 16:48:36,168  INFO [main] LogReports:22 - Clicked on Insights
2019-09-26 16:48:41,015  INFO [main] LogReports:22 - Clicked on Blogs
2019-09-26 16:48:54,012  INFO [main] LogReports:22 - Clicked onto the selected blog
2019-09-26 16:57:21,303  INFO [main] LogReports:22 - Chrome browser invoked...
2019-09-26 16:57:31,542  INFO [main] LogReports:22 - Application opened...
2019-09-26 16:57:38,816  INFO [main] LogReports:22 - Clicked on Insights
2019-09-26 16:57:43,448  INFO [main] LogReports:22 - Clicked on Blogs
2019-09-26 16:57:56,013  INFO [main] LogReports:22 - Clicked onto the selected blog
2019-09-26 16:57:56,067  INFO [main] LogReports:22 - Breadcrumb validation is done
2019-09-26 16:57:56,090  INFO [main] LogReports:22 - Title validation is done
2019-09-26 16:57:56,122  INFO [main] LogReports:22 - Date validation is done
2019-09-26 16:57:56,153  INFO [main] LogReports:22 - Content validation is done
2019-09-26 16:59:54,792  INFO [main] LogReports:22 - Chrome browser invoked...
2019-09-26 17:00:05,264  INFO [main] LogReports:22 - Application opened...
2019-09-26 17:00:12,563  INFO [main] LogReports:22 - Clicked on Insights
2019-09-26 17:00:17,605  INFO [main] LogReports:22 - Clicked on Blogs
2019-09-26 17:00:27,468  INFO [main] LogReports:22 - Clicked onto the selected blog
2019-09-26 17:00:27,523  INFO [main] LogReports:22 - Breadcrumb validation is done
2019-09-26 17:00:27,552  INFO [main] LogReports:22 - Title validation is done
2019-09-26 17:00:27,587  INFO [main] LogReports:22 - Date validation is done
2019-09-26 17:00:27,619  INFO [main] LogReports:22 - Content validation is done
2019-09-26 17:07:28,534  INFO [main] LogReports:22 - Chrome browser invoked...
2019-09-26 17:07:38,870  INFO [main] LogReports:22 - Application opened...
2019-09-26 17:07:46,133  INFO [main] LogReports:22 - Clicked on Insights
2019-09-26 17:07:50,947  INFO [main] LogReports:22 - Clicked on Blogs
2019-09-26 17:08:03,371  INFO [main] LogReports:22 - Clicked onto the selected blog
2019-09-26 17:08:03,437  INFO [main] LogReports:22 - Breadcrumb validation is done
2019-09-26 17:08:03,465  INFO [main] LogReports:22 - Title validation is done
2019-09-26 17:08:03,490  INFO [main] LogReports:22 - Date validation is done
2019-09-26 17:08:03,521  INFO [main] LogReports:22 - Content validation is done
2019-09-26 17:34:10,111  INFO [main] LogReports:22 - Chrome browser invoked...
2019-09-26 17:34:17,949  INFO [main] LogReports:22 - Application opened...
2019-09-26 17:34:29,433  INFO [main] LogReports:22 - Clicked on services
2019-09-26 17:34:29,586  INFO [main] LogReports:22 - COntext validation for Digital Life is done
2019-09-26 17:34:34,556  INFO [main] LogReports:22 - Clicked on services
2019-09-26 17:34:34,732  INFO [main] LogReports:22 - Context validation is done for Infrastructure Services is done
2019-09-26 17:38:07,191  INFO [main] LogReports:22 - Chrome browser invoked...
2019-09-26 17:38:15,246  INFO [main] LogReports:22 - Application opened...
2019-09-26 17:38:22,507  INFO [main] LogReports:22 - Clicked on Insights
2019-09-26 17:38:28,385  INFO [main] LogReports:22 - Clicked on Blogs
2019-09-26 17:38:36,289  INFO [main] LogReports:22 - Clicked onto the selected blog
2019-09-26 17:38:36,343  INFO [main] LogReports:22 - Breadcrumb validation is done
2019-09-26 17:38:36,375  INFO [main] LogReports:22 - Title validation is done
2019-09-26 17:38:36,400  INFO [main] LogReports:22 - Date validation is done
2019-09-26 17:38:36,445  INFO [main] LogReports:22 - Content validation is done
2019-09-26 17:38:39,889  INFO [main] LogReports:22 - Clicked on Post Comment
2019-09-26 17:41:30,044  INFO [main] LogReports:22 - Chrome browser invoked...
2019-09-26 17:41:37,737  INFO [main] LogReports:22 - Application opened...
2019-09-26 17:41:45,067  INFO [main] LogReports:22 - Clicked on Insights
2019-09-26 17:41:50,736  INFO [main] LogReports:22 - Clicked on Blogs
2019-09-26 17:41:59,025  INFO [main] LogReports:22 - Clicked onto the selected blog
2019-09-26 17:41:59,081  INFO [main] LogReports:22 - Breadcrumb validation is done
2019-09-26 17:41:59,111  INFO [main] LogReports:22 - Title validation is done
2019-09-26 17:41:59,143  INFO [main] LogReports:22 - Date validation is done
2019-09-26 17:41:59,186  INFO [main] LogReports:22 - Content validation is done
2019-09-26 17:42:02,393  INFO [main] LogReports:22 - Clicked on Post Comment
2019-09-26 17:45:17,136  INFO [main] LogReports:22 - Chrome browser invoked...
2019-09-26 17:45:25,088  INFO [main] LogReports:22 - Application opened...
2019-09-26 17:45:32,357  INFO [main] LogReports:22 - Clicked on Insights
2019-09-26 17:45:37,711  INFO [main] LogReports:22 - Clicked on Blogs
2019-09-26 17:45:45,502  INFO [main] LogReports:22 - Clicked onto the selected blog
2019-09-26 17:45:45,598  INFO [main] LogReports:22 - Breadcrumb validation is done
2019-09-26 17:45:45,636  INFO [main] LogReports:22 - Title validation is done
2019-09-26 17:45:45,649  INFO [main] LogReports:22 - Date validation is done
2019-09-26 17:45:45,727  INFO [main] LogReports:22 - Content validation is done
2019-09-26 17:45:49,103  INFO [main] LogReports:22 - Clicked on Post Comment
2019-09-26 18:42:28,698  INFO [main] LogReports:22 - Chrome browser invoked...
2019-09-26 18:42:36,701  INFO [main] LogReports:22 - Application opened...
2019-09-26 18:42:45,890  INFO [main] LogReports:22 - Clicked on Home
2019-09-26 18:42:46,002  INFO [main] LogReports:22 - Footer validation for Home is done
2019-09-26 18:42:50,981  INFO [main] LogReports:22 - Clicked on About Us
2019-09-26 18:42:51,114  INFO [main] LogReports:22 - Footer validation for About us is done
2019-09-26 18:43:00,493  INFO [main] LogReports:22 - Clicked on Services
2019-09-26 18:43:00,677  INFO [main] LogReports:22 - Footer validation for Services is done
2019-09-26 18:43:06,130  INFO [main] LogReports:22 - Clicked on Partners
2019-09-26 18:43:06,237  INFO [main] LogReports:22 - Footer validation for partners is done
2019-09-26 18:43:09,426  INFO [main] LogReports:22 - Clicked on Media
2019-09-26 18:43:09,517  INFO [main] LogReports:22 - Footer validation for Media is done 
2019-09-26 18:43:12,730  INFO [main] LogReports:22 - Clicked on Insights
2019-09-26 18:43:12,827  INFO [main] LogReports:22 - Footer validation for Insights is done
2019-09-26 18:43:17,892  INFO [main] LogReports:22 - Clicked on careers
2019-09-26 18:43:17,996  INFO [main] LogReports:22 - Footer validation for Careers is done
2019-09-26 18:43:23,496  INFO [main] LogReports:22 - Clicked on Contact us
2019-09-26 18:43:23,597  INFO [main] LogReports:22 - Footer validation for Contact us is done
2019-09-26 18:44:12,364  INFO [main] LogReports:22 - Chrome browser invoked...
2019-09-26 18:44:20,426  INFO [main] LogReports:22 - Application opened...
2019-09-26 18:44:29,597  INFO [main] LogReports:22 - Clicked on Home
2019-09-26 18:44:29,705  INFO [main] LogReports:22 - Footer validation for Home is done
2019-09-26 18:44:34,541  INFO [main] LogReports:22 - Clicked on About Us
2019-09-26 18:44:34,650  INFO [main] LogReports:22 - Footer validation for About us is done
2019-09-26 18:44:41,943  INFO [main] LogReports:22 - Clicked on Services
2019-09-26 18:44:42,055  INFO [main] LogReports:22 - Footer validation for Services is done
2019-09-26 18:44:47,265  INFO [main] LogReports:22 - Clicked on Partners
2019-09-26 18:44:47,373  INFO [main] LogReports:22 - Footer validation for partners is done
2019-09-26 18:44:50,542  INFO [main] LogReports:22 - Clicked on Media
2019-09-26 18:44:50,630  INFO [main] LogReports:22 - Footer validation for Media is done 
2019-09-26 18:44:53,775  INFO [main] LogReports:22 - Clicked on Insights
2019-09-26 18:44:53,858  INFO [main] LogReports:22 - Footer validation for Insights is done
2019-09-26 18:45:00,163  INFO [main] LogReports:22 - Clicked on careers
2019-09-26 18:45:00,264  INFO [main] LogReports:22 - Footer validation for Careers is done
2019-09-26 18:45:05,568  INFO [main] LogReports:22 - Clicked on Contact us
2019-09-26 18:45:05,675  INFO [main] LogReports:22 - Footer validation for Contact us is done
2019-09-26 18:45:41,799  INFO [main] LogReports:22 - Chrome browser invoked...
2019-09-26 18:45:49,858  INFO [main] LogReports:22 - Application opened...
2019-09-26 18:46:01,754  INFO [main] LogReports:22 - Clicked on services
2019-09-26 18:46:01,894  INFO [main] LogReports:22 - COntext validation for Digital Life is done
2019-09-26 18:46:06,925  INFO [main] LogReports:22 - Clicked on services
2019-09-26 18:46:07,111  INFO [main] LogReports:22 - Context validation is done for Infrastructure Services is done
2019-09-26 18:46:47,241  INFO [main] LogReports:22 - Chrome browser invoked...
2019-09-26 18:46:55,652  INFO [main] LogReports:22 - Application opened...
2019-09-26 18:47:02,608  INFO [main] LogReports:22 - Clicked on Home
2019-09-26 18:47:02,716  INFO [main] LogReports:22 - Footer validation for Home is done
2019-09-26 18:47:05,640  INFO [main] LogReports:22 - Clicked on About Us
2019-09-26 18:47:05,752  INFO [main] LogReports:22 - Footer validation for About us is done
2019-09-26 18:47:11,349  INFO [main] LogReports:22 - Clicked on Services
2019-09-26 18:47:11,482  INFO [main] LogReports:22 - Footer validation for Services is done
2019-09-26 18:47:13,722  INFO [main] LogReports:22 - Clicked on Partners
2019-09-26 18:47:13,849  INFO [main] LogReports:22 - Footer validation for partners is done
2019-09-26 18:47:13,957  INFO [main] LogReports:22 - Clicked on Media
2019-09-26 18:47:14,051  INFO [main] LogReports:22 - Footer validation for Media is done 
2019-09-26 18:47:14,149  INFO [main] LogReports:22 - Clicked on Insights
2019-09-26 18:47:14,236  INFO [main] LogReports:22 - Footer validation for Insights is done
2019-09-26 18:47:16,164  INFO [main] LogReports:22 - Clicked on careers
2019-09-26 18:47:16,269  INFO [main] LogReports:22 - Footer validation for Careers is done
2019-09-26 18:47:18,334  INFO [main] LogReports:22 - Clicked on Contact us
2019-09-26 18:47:18,456  INFO [main] LogReports:22 - Footer validation for Contact us is done
2019-09-26 18:47:41,404  INFO [main] LogReports:22 - Chrome browser invoked...
2019-09-26 18:47:50,140  INFO [main] LogReports:22 - Application opened...
2019-09-26 18:47:58,999  INFO [main] LogReports:22 - Clicked on services
2019-09-26 18:47:59,131  INFO [main] LogReports:22 - COntext validation for Digital Life is done
2019-09-26 18:48:01,032  INFO [main] LogReports:22 - Clicked on services
2019-09-26 18:48:01,209  INFO [main] LogReports:22 - Context validation is done for Infrastructure Services is done
2019-09-26 18:48:23,538  INFO [main] LogReports:22 - Chrome browser invoked...
2019-09-26 18:48:31,933  INFO [main] LogReports:22 - Application opened...
2019-09-26 18:48:36,319  INFO [main] LogReports:22 - Clicked on Insights
2019-09-26 18:48:38,376  INFO [main] LogReports:22 - Clicked on Blogs
2019-09-26 18:48:44,178  INFO [main] LogReports:22 - Clicked onto the selected blog
2019-09-26 18:48:44,227  INFO [main] LogReports:22 - Breadcrumb validation is done
2019-09-26 18:48:44,257  INFO [main] LogReports:22 - Title validation is done
2019-09-26 18:48:44,282  INFO [main] LogReports:22 - Date validation is done
2019-09-26 18:48:44,332  INFO [main] LogReports:22 - Content validation is done
2019-09-26 18:48:44,532  INFO [main] LogReports:22 - Clicked on Post Comment
2019-09-26 18:50:14,803  INFO [main] LogReports:22 - Chrome browser invoked...
2019-09-26 18:50:22,995  INFO [main] LogReports:22 - Application opened...
2019-09-26 18:50:27,408  INFO [main] LogReports:22 - Clicked on Insights
2019-09-26 18:50:29,430  INFO [main] LogReports:22 - Clicked on Blogs
2019-09-26 18:50:35,869  INFO [main] LogReports:22 - Clicked onto the selected blog
2019-09-26 18:50:35,955  INFO [main] LogReports:22 - Breadcrumb validation is done
2019-09-26 18:50:35,990  INFO [main] LogReports:22 - Title validation is done
2019-09-26 18:50:36,016  INFO [main] LogReports:22 - Date validation is done
2019-09-26 18:50:36,047  INFO [main] LogReports:22 - Content validation is done
2019-09-26 18:50:36,230  INFO [main] LogReports:22 - Clicked on Post Comment
2019-09-26 18:57:38,313  INFO [main] LogReports:22 - Chrome browser invoked...
2019-09-26 18:57:46,349  INFO [main] LogReports:22 - Application opened...
2019-09-26 18:57:50,748  INFO [main] LogReports:22 - Clicked on Insights
2019-09-26 18:57:53,467  INFO [main] LogReports:22 - Clicked on Blogs
2019-09-26 18:58:00,606  INFO [main] LogReports:22 - Clicked onto the selected blog
2019-09-26 18:58:00,677  INFO [main] LogReports:22 - Breadcrumb validation is done
2019-09-26 18:58:00,703  INFO [main] LogReports:22 - Title validation is done
2019-09-26 18:58:00,746  INFO [main] LogReports:22 - Date validation is done
2019-09-26 18:58:00,777  INFO [main] LogReports:22 - Content validation is done
2019-09-26 18:58:00,894  INFO [main] LogReports:22 - Clicked on Post Comment
2019-09-26 19:16:37,908  INFO [main] LogReports:22 - Chrome browser invoked...
2019-09-26 19:16:46,128  INFO [main] LogReports:22 - Application opened...
2019-09-26 19:16:52,400  INFO [main] LogReports:22 - Clicked on Home
2019-09-26 19:16:52,512  INFO [main] LogReports:22 - Footer validation for Home is done
2019-09-26 19:16:54,483  INFO [main] LogReports:22 - Clicked on About Us
2019-09-26 19:16:54,609  INFO [main] LogReports:22 - Footer validation for About us is done
2019-09-26 19:16:59,440  INFO [main] LogReports:22 - Clicked on Services
2019-09-26 19:16:59,556  INFO [main] LogReports:22 - Footer validation for Services is done
2019-09-26 19:17:01,753  INFO [main] LogReports:22 - Clicked on Partners
2019-09-26 19:17:01,894  INFO [main] LogReports:22 - Footer validation for partners is done
2019-09-26 19:17:01,992  INFO [main] LogReports:22 - Clicked on Media
2019-09-26 19:17:02,080  INFO [main] LogReports:22 - Footer validation for Media is done 
2019-09-26 19:17:02,164  INFO [main] LogReports:22 - Clicked on Insights
2019-09-26 19:17:02,251  INFO [main] LogReports:22 - Footer validation for Insights is done
2019-09-26 19:17:06,003  INFO [main] LogReports:22 - Clicked on careers
2019-09-26 19:17:06,112  INFO [main] LogReports:22 - Footer validation for Careers is done
2019-09-26 19:17:08,973  INFO [main] LogReports:22 - Clicked on Contact us
2019-09-26 19:17:09,075  INFO [main] LogReports:22 - Footer validation for Contact us is done
2019-09-26 19:30:08,068  INFO [main] LogReports:22 - Chrome browser invoked...
2019-09-26 19:30:17,629  INFO [main] LogReports:22 - Application opened...
2019-09-26 19:30:26,154  INFO [main] LogReports:22 - Clicked on services
2019-09-26 19:30:26,290  INFO [main] LogReports:22 - COntext validation for Digital Life is done
2019-09-26 19:30:28,304  INFO [main] LogReports:22 - Clicked on services
2019-09-26 19:30:28,494  INFO [main] LogReports:22 - Context validation is done for Infrastructure Services is done
2019-09-26 19:30:52,693  INFO [main] LogReports:22 - Chrome browser invoked...
2019-09-26 19:31:00,447  INFO [main] LogReports:22 - Application opened...
2019-09-26 19:31:07,072  INFO [main] LogReports:22 - Clicked on Home
2019-09-26 19:31:07,183  INFO [main] LogReports:22 - Footer validation for Home is done
2019-09-26 19:31:09,894  INFO [main] LogReports:22 - Clicked on About Us
2019-09-26 19:31:10,003  INFO [main] LogReports:22 - Footer validation for About us is done
2019-09-26 19:31:16,131  INFO [main] LogReports:22 - Clicked on Services
2019-09-26 19:31:16,287  INFO [main] LogReports:22 - Footer validation for Services is done
2019-09-26 19:31:18,582  INFO [main] LogReports:22 - Clicked on Partners
2019-09-26 19:31:18,705  INFO [main] LogReports:22 - Footer validation for partners is done
2019-09-26 19:31:18,815  INFO [main] LogReports:22 - Clicked on Media
2019-09-26 19:31:18,901  INFO [main] LogReports:22 - Footer validation for Media is done 
2019-09-26 19:31:18,998  INFO [main] LogReports:22 - Clicked on Insights
2019-09-26 19:31:19,092  INFO [main] LogReports:22 - Footer validation for Insights is done
2019-09-26 19:31:21,242  INFO [main] LogReports:22 - Clicked on careers
2019-09-26 19:31:21,395  INFO [main] LogReports:22 - Footer validation for Careers is done
2019-09-26 19:31:23,596  INFO [main] LogReports:22 - Clicked on Contact us
2019-09-26 19:31:23,690  INFO [main] LogReports:22 - Footer validation for Contact us is done
2019-09-26 19:33:14,994  INFO [main] LogReports:22 - Chrome browser invoked...
2019-09-26 19:33:23,205  INFO [main] LogReports:22 - Application opened...
2019-09-26 19:33:29,531  INFO [main] LogReports:22 - Clicked on Home
2019-09-26 19:33:29,642  INFO [main] LogReports:22 - Footer validation for Home is done
2019-09-26 19:33:31,743  INFO [main] LogReports:22 - Clicked on About Us
2019-09-26 19:33:31,896  INFO [main] LogReports:22 - Footer validation for About us is done
2019-09-26 19:33:36,119  INFO [main] LogReports:22 - Clicked on Services
2019-09-26 19:33:36,233  INFO [main] LogReports:22 - Footer validation for Services is done
2019-09-26 19:33:38,368  INFO [main] LogReports:22 - Clicked on Partners
2019-09-26 19:33:38,471  INFO [main] LogReports:22 - Footer validation for partners is done
2019-09-26 19:33:38,549  INFO [main] LogReports:22 - Clicked on Media
2019-09-26 19:33:38,634  INFO [main] LogReports:22 - Footer validation for Media is done 
2019-09-26 19:33:38,726  INFO [main] LogReports:22 - Clicked on Insights
2019-09-26 19:33:38,809  INFO [main] LogReports:22 - Footer validation for Insights is done
2019-09-26 19:33:40,863  INFO [main] LogReports:22 - Clicked on careers
2019-09-26 19:33:40,988  INFO [main] LogReports:22 - Footer validation for Careers is done
2019-09-26 19:33:42,970  INFO [main] LogReports:22 - Clicked on Contact us
2019-09-26 19:33:43,084  INFO [main] LogReports:22 - Footer validation for Contact us is done
2019-09-26 19:34:27,850  INFO [main] LogReports:22 - Chrome browser invoked...
2019-09-26 19:34:35,440  INFO [main] LogReports:22 - Application opened...
2019-09-26 19:34:43,992  INFO [main] LogReports:22 - Clicked on services
2019-09-26 19:34:44,142  INFO [main] LogReports:22 - COntext validation for Digital Life is done
2019-09-26 19:34:46,200  INFO [main] LogReports:22 - Clicked on services
2019-09-26 19:34:46,401  INFO [main] LogReports:22 - Context validation is done for Infrastructure Services is done
2019-09-26 19:36:07,026  INFO [main] LogReports:22 - Chrome browser invoked...
2019-09-26 19:36:15,342  INFO [main] LogReports:22 - Application opened...
2019-09-26 19:36:19,744  INFO [main] LogReports:22 - Clicked on Insights
2019-09-26 19:36:21,819  INFO [main] LogReports:22 - Clicked on Blogs
2019-09-26 19:36:27,836  INFO [main] LogReports:22 - Clicked onto the selected blog
2019-09-26 19:36:27,922  INFO [main] LogReports:22 - Breadcrumb validation is done
2019-09-26 19:36:27,957  INFO [main] LogReports:22 - Title validation is done
2019-09-26 19:36:27,989  INFO [main] LogReports:22 - Date validation is done
2019-09-26 19:36:28,020  INFO [main] LogReports:22 - Content validation is done
2019-09-26 19:36:28,160  INFO [main] LogReports:22 - Clicked on Post Comment
2019-09-26 19:37:30,818  INFO [main] LogReports:22 - Chrome browser invoked...
2019-09-26 19:37:38,934  INFO [main] LogReports:22 - Application opened...
2019-09-26 19:37:47,147  INFO [main] LogReports:22 - Clicked on services
2019-09-26 19:37:47,294  INFO [main] LogReports:22 - COntext validation for Digital Life is done
2019-09-26 19:37:49,729  INFO [main] LogReports:22 - Clicked on services
2019-09-26 19:37:49,916  INFO [main] LogReports:22 - Context validation is done for Infrastructure Services is done
